<?xml version="1.0" encoding="UTF-8"?>
<!-- Generated by org.testng.reporters.JUnitReportReporter -->
<testsuite skipped="0" hostname="DESKTOP-N308L1J" name="variousConcepts.LoginTest" tests="2" failures="0" timestamp="21 Aug 2022 19:16:22 GMT" time="18.079" errors="0">
  <testcase name="loginTest" time="6.260" classname="variousConcepts.LoginTest"/>
  <testcase name="addCustomer" time="11.819" classname="variousConcepts.LoginTest"/>
</testsuite> <!-- variousConcepts.LoginTest -->
